<?xml version="1.0" encoding="UTF-8"?>
<!-- Generated by org.testng.reporters.JUnitXMLReporter -->
<testsuite hostname="Tests-MacBook-Pro.local" ignored="0" name="Car Loan" tests="5" failures="1" timestamp="28 Aug 2018 16:09:00 GMT" time="0.032" errors="0">
  <testcase name="LoginAPIhomeLoan" time="0.001" classname="TestNg.DayThree"/>
  <testcase name="MobileloginhomeLoan" time="0.001" classname="TestNg.DayThree"/>
  <testcase name="MobilesigninhomeLoan" time="0.003" classname="TestNg.DayThree"/>
  <testcase name="MobilesignouthomeLoan" time="0.002" classname="TestNg.DayThree"/>
  <testcase name="webLoginhomeLoan" time="0.0" classname="TestNg.DayThree">
    <failure type="org.testng.TestNGException" message="
Parameter &amp;apos;URL&amp;apos; is required by @Test on method webLoginhomeLoan but has not been marked @Optional or defined
in /Users/Mazin/eclipse-workspace/ProjectX/src/TestNg/TestNgThree.xml">
      <![CDATA[org.testng.TestNGException: 
Parameter 'URL' is required by @Test on method webLoginhomeLoan but has not been marked @Optional or defined
in /Users/Mazin/eclipse-workspace/ProjectX/src/TestNg/TestNgThree.xml
... Removed 24 stack frames]]>
    </failure>
  </testcase> <!-- webLoginhomeLoan -->
</testsuite> <!-- Car Loan -->
